{"/home/sims04/Documents/check1/invertedIndex/spec/invertedspec.js":{"path":"/home/sims04/Documents/check1/invertedIndex/spec/invertedspec.js","s":{"1":1,"2":1,"3":1,"4":1,"5":1,"6":1,"7":1,"8":1,"9":1,"10":1,"11":1,"12":1,"13":1,"14":1,"15":1,"16":1,"17":1,"18":1,"19":1,"20":1,"21":1,"22":1,"23":1,"24":1,"25":1,"26":1,"27":1,"28":1,"29":1,"30":1,"31":1,"32":1,"33":1,"34":1,"35":1,"36":1,"37":1,"38":1,"39":1,"40":1,"41":1,"42":1,"43":1,"44":1,"45":1,"46":1,"47":1,"48":1,"49":1,"50":1,"51":1,"52":1,"53":1,"54":1,"55":1,"56":37,"57":37,"58":37,"59":37,"60":37,"61":0,"62":1,"63":1,"64":1,"65":1,"66":1,"67":1,"68":1,"69":1,"70":1,"71":1,"72":1,"73":1,"74":1,"75":1,"76":1,"77":0,"78":0,"79":0,"80":0,"81":0,"82":0,"83":0,"84":0},"b":{"1":[0,0]},"f":{"1":1,"2":1,"3":1,"4":1,"5":1,"6":1,"7":1,"8":1,"9":1,"10":1,"11":1,"12":1,"13":1,"14":1,"15":1,"16":1,"17":1,"18":1,"19":1,"20":1,"21":1,"22":1,"23":1,"24":1,"25":1,"26":1,"27":1,"28":1,"29":1,"30":1,"31":1,"32":1,"33":1,"34":0},"fnMap":{"1":{"name":"(anonymous_1)","line":1,"loc":{"start":{"line":1,"column":1},"end":{"line":1,"column":13}}},"2":{"name":"(anonymous_2)","line":24,"loc":{"start":{"line":24,"column":31},"end":{"line":24,"column":43}}},"3":{"name":"(anonymous_3)","line":26,"loc":{"start":{"line":26,"column":30},"end":{"line":26,"column":42}}},"4":{"name":"(anonymous_4)","line":27,"loc":{"start":{"line":27,"column":13},"end":{"line":27,"column":25}}},"5":{"name":"(anonymous_5)","line":31,"loc":{"start":{"line":31,"column":40},"end":{"line":31,"column":52}}},"6":{"name":"(anonymous_6)","line":33,"loc":{"start":{"line":33,"column":13},"end":{"line":33,"column":25}}},"7":{"name":"(anonymous_7)","line":37,"loc":{"start":{"line":37,"column":36},"end":{"line":37,"column":48}}},"8":{"name":"(anonymous_8)","line":38,"loc":{"start":{"line":38,"column":13},"end":{"line":38,"column":25}}},"9":{"name":"(anonymous_9)","line":42,"loc":{"start":{"line":42,"column":42},"end":{"line":42,"column":54}}},"10":{"name":"(anonymous_10)","line":43,"loc":{"start":{"line":43,"column":13},"end":{"line":43,"column":25}}},"11":{"name":"(anonymous_11)","line":47,"loc":{"start":{"line":47,"column":49},"end":{"line":47,"column":61}}},"12":{"name":"(anonymous_12)","line":48,"loc":{"start":{"line":48,"column":13},"end":{"line":48,"column":25}}},"13":{"name":"(anonymous_13)","line":52,"loc":{"start":{"line":52,"column":53},"end":{"line":52,"column":65}}},"14":{"name":"(anonymous_14)","line":53,"loc":{"start":{"line":53,"column":13},"end":{"line":53,"column":25}}},"15":{"name":"(anonymous_15)","line":59,"loc":{"start":{"line":59,"column":25},"end":{"line":59,"column":37}}},"16":{"name":"(anonymous_16)","line":60,"loc":{"start":{"line":60,"column":41},"end":{"line":60,"column":53}}},"17":{"name":"(anonymous_17)","line":61,"loc":{"start":{"line":61,"column":13},"end":{"line":61,"column":25}}},"18":{"name":"(anonymous_18)","line":65,"loc":{"start":{"line":65,"column":34},"end":{"line":65,"column":46}}},"19":{"name":"(anonymous_19)","line":66,"loc":{"start":{"line":66,"column":13},"end":{"line":66,"column":25}}},"20":{"name":"(anonymous_20)","line":73,"loc":{"start":{"line":73,"column":14},"end":{"line":73,"column":30}}},"21":{"name":"(anonymous_21)","line":74,"loc":{"start":{"line":74,"column":34},"end":{"line":74,"column":46}}},"22":{"name":"(anonymous_22)","line":79,"loc":{"start":{"line":79,"column":14},"end":{"line":79,"column":30}}},"23":{"name":"(anonymous_23)","line":80,"loc":{"start":{"line":80,"column":50},"end":{"line":80,"column":61}}},"24":{"name":"(anonymous_24)","line":85,"loc":{"start":{"line":85,"column":73},"end":{"line":85,"column":85}}},"25":{"name":"(anonymous_25)","line":97,"loc":{"start":{"line":97,"column":43},"end":{"line":97,"column":55}}},"26":{"name":"(anonymous_26)","line":119,"loc":{"start":{"line":119,"column":51},"end":{"line":119,"column":63}}},"27":{"name":"(anonymous_27)","line":122,"loc":{"start":{"line":122,"column":14},"end":{"line":122,"column":26}}},"28":{"name":"(anonymous_28)","line":127,"loc":{"start":{"line":127,"column":29},"end":{"line":127,"column":41}}},"29":{"name":"(anonymous_29)","line":129,"loc":{"start":{"line":129,"column":66},"end":{"line":129,"column":78}}},"30":{"name":"(anonymous_30)","line":130,"loc":{"start":{"line":130,"column":13},"end":{"line":130,"column":25}}},"31":{"name":"(anonymous_31)","line":134,"loc":{"start":{"line":134,"column":44},"end":{"line":134,"column":56}}},"32":{"name":"(anonymous_32)","line":135,"loc":{"start":{"line":135,"column":13},"end":{"line":135,"column":25}}},"33":{"name":"(anonymous_33)","line":139,"loc":{"start":{"line":139,"column":51},"end":{"line":139,"column":63}}},"34":{"name":"(anonymous_34)","line":143,"loc":{"start":{"line":143,"column":39},"end":{"line":143,"column":65}}}},"statementMap":{"1":{"start":{"line":1,"column":0},"end":{"line":159,"column":5}},"2":{"start":{"line":5,"column":2},"end":{"line":5,"column":59}},"3":{"start":{"line":6,"column":2},"end":{"line":6,"column":25}},"4":{"start":{"line":8,"column":2},"end":{"line":8,"column":39}},"5":{"start":{"line":11,"column":2},"end":{"line":11,"column":34}},"6":{"start":{"line":14,"column":2},"end":{"line":14,"column":20}},"7":{"start":{"line":15,"column":2},"end":{"line":15,"column":20}},"8":{"start":{"line":18,"column":2},"end":{"line":18,"column":21}},"9":{"start":{"line":21,"column":2},"end":{"line":21,"column":12}},"10":{"start":{"line":24,"column":2},"end":{"line":56,"column":5}},"11":{"start":{"line":26,"column":4},"end":{"line":29,"column":7}},"12":{"start":{"line":27,"column":6},"end":{"line":28,"column":43}},"13":{"start":{"line":27,"column":26},"end":{"line":27,"column":71}},"14":{"start":{"line":31,"column":4},"end":{"line":35,"column":7}},"15":{"start":{"line":32,"column":6},"end":{"line":32,"column":48}},"16":{"start":{"line":33,"column":6},"end":{"line":34,"column":58}},"17":{"start":{"line":33,"column":27},"end":{"line":33,"column":57}},"18":{"start":{"line":37,"column":4},"end":{"line":40,"column":7}},"19":{"start":{"line":38,"column":6},"end":{"line":39,"column":41}},"20":{"start":{"line":38,"column":27},"end":{"line":38,"column":55}},"21":{"start":{"line":42,"column":4},"end":{"line":45,"column":7}},"22":{"start":{"line":43,"column":6},"end":{"line":44,"column":47}},"23":{"start":{"line":43,"column":27},"end":{"line":43,"column":57}},"24":{"start":{"line":47,"column":4},"end":{"line":50,"column":7}},"25":{"start":{"line":48,"column":6},"end":{"line":49,"column":54}},"26":{"start":{"line":48,"column":27},"end":{"line":48,"column":59}},"27":{"start":{"line":52,"column":4},"end":{"line":55,"column":7}},"28":{"start":{"line":53,"column":6},"end":{"line":54,"column":50}},"29":{"start":{"line":53,"column":27},"end":{"line":53,"column":110}},"30":{"start":{"line":59,"column":2},"end":{"line":69,"column":5}},"31":{"start":{"line":60,"column":4},"end":{"line":63,"column":7}},"32":{"start":{"line":61,"column":6},"end":{"line":62,"column":50}},"33":{"start":{"line":61,"column":26},"end":{"line":61,"column":47}},"34":{"start":{"line":65,"column":4},"end":{"line":68,"column":7}},"35":{"start":{"line":66,"column":6},"end":{"line":67,"column":43}},"36":{"start":{"line":66,"column":26},"end":{"line":66,"column":65}},"37":{"start":{"line":72,"column":2},"end":{"line":124,"column":5}},"38":{"start":{"line":73,"column":4},"end":{"line":77,"column":7}},"39":{"start":{"line":74,"column":6},"end":{"line":76,"column":9}},"40":{"start":{"line":75,"column":8},"end":{"line":75,"column":15}},"41":{"start":{"line":79,"column":4},"end":{"line":83,"column":7}},"42":{"start":{"line":80,"column":6},"end":{"line":82,"column":9}},"43":{"start":{"line":81,"column":8},"end":{"line":81,"column":15}},"44":{"start":{"line":85,"column":4},"end":{"line":95,"column":7}},"45":{"start":{"line":87,"column":6},"end":{"line":87,"column":39}},"46":{"start":{"line":89,"column":6},"end":{"line":89,"column":60}},"47":{"start":{"line":90,"column":6},"end":{"line":90,"column":46}},"48":{"start":{"line":92,"column":6},"end":{"line":92,"column":49}},"49":{"start":{"line":93,"column":6},"end":{"line":93,"column":40}},"50":{"start":{"line":97,"column":4},"end":{"line":117,"column":7}},"51":{"start":{"line":98,"column":6},"end":{"line":116,"column":7}},"52":{"start":{"line":99,"column":8},"end":{"line":99,"column":49}},"53":{"start":{"line":100,"column":8},"end":{"line":100,"column":44}},"54":{"start":{"line":102,"column":8},"end":{"line":102,"column":39}},"55":{"start":{"line":104,"column":8},"end":{"line":112,"column":9}},"56":{"start":{"line":105,"column":10},"end":{"line":105,"column":55}},"57":{"start":{"line":106,"column":10},"end":{"line":111,"column":11}},"58":{"start":{"line":107,"column":12},"end":{"line":107,"column":38}},"59":{"start":{"line":108,"column":12},"end":{"line":109,"column":67}},"60":{"start":{"line":110,"column":12},"end":{"line":110,"column":60}},"61":{"start":{"line":115,"column":8},"end":{"line":115,"column":32}},"62":{"start":{"line":119,"column":4},"end":{"line":123,"column":7}},"63":{"start":{"line":120,"column":6},"end":{"line":121,"column":53}},"64":{"start":{"line":122,"column":6},"end":{"line":122,"column":69}},"65":{"start":{"line":122,"column":27},"end":{"line":122,"column":52}},"66":{"start":{"line":127,"column":2},"end":{"line":158,"column":5}},"67":{"start":{"line":129,"column":4},"end":{"line":132,"column":7}},"68":{"start":{"line":130,"column":6},"end":{"line":131,"column":42}},"69":{"start":{"line":130,"column":26},"end":{"line":130,"column":76}},"70":{"start":{"line":134,"column":4},"end":{"line":137,"column":7}},"71":{"start":{"line":135,"column":6},"end":{"line":136,"column":44}},"72":{"start":{"line":135,"column":26},"end":{"line":135,"column":65}},"73":{"start":{"line":139,"column":4},"end":{"line":157,"column":7}},"74":{"start":{"line":141,"column":6},"end":{"line":141,"column":48}},"75":{"start":{"line":142,"column":6},"end":{"line":142,"column":63}},"76":{"start":{"line":143,"column":6},"end":{"line":156,"column":9}},"77":{"start":{"line":144,"column":8},"end":{"line":144,"column":39}},"78":{"start":{"line":145,"column":8},"end":{"line":155,"column":9}},"79":{"start":{"line":146,"column":10},"end":{"line":154,"column":11}},"80":{"start":{"line":147,"column":12},"end":{"line":147,"column":41}},"81":{"start":{"line":148,"column":12},"end":{"line":153,"column":13}},"82":{"start":{"line":149,"column":14},"end":{"line":149,"column":48}},"83":{"start":{"line":150,"column":14},"end":{"line":151,"column":69}},"84":{"start":{"line":152,"column":14},"end":{"line":152,"column":65}}},"branchMap":{"1":{"line":145,"type":"if","locations":[{"start":{"line":145,"column":8},"end":{"line":145,"column":8}},{"start":{"line":145,"column":8},"end":{"line":145,"column":8}}]}}},"/home/sims04/Documents/check1/invertedIndex/src/inverted-index.js":{"path":"/home/sims04/Documents/check1/invertedIndex/src/inverted-index.js","s":{"1":1,"2":1,"3":1,"4":1,"5":1,"6":1,"7":1,"8":1,"9":1,"10":1,"11":3,"12":3,"13":2,"14":2,"15":0,"16":2,"17":2,"18":1,"19":2,"20":0,"21":2,"22":2,"23":0,"24":2,"25":2,"26":0,"27":7,"28":1,"29":6,"30":6,"31":1,"32":5,"33":5,"34":0,"35":4,"36":4,"37":4,"38":4,"39":4,"40":4,"41":4,"42":4,"43":8,"44":8,"45":8,"46":14,"47":14,"48":14,"49":819,"50":819,"51":5,"52":5,"53":5,"54":4,"55":0,"56":4,"57":7,"58":1,"59":6,"60":6,"61":1,"62":5,"63":1,"64":4,"65":1,"66":3,"67":7,"68":6,"69":6,"70":6,"71":6,"72":1,"73":2,"74":2,"75":6,"76":134,"77":134,"78":134,"79":134,"80":4495,"81":4495,"82":24,"83":24,"84":134,"85":117,"86":117,"87":4,"88":4,"89":0,"90":4,"91":4,"92":16,"93":16,"94":9,"95":12,"96":12,"97":7,"98":16,"99":1},"b":{"1":[2,1],"2":[0,2],"3":[0,2],"4":[0,2],"5":[2,0],"6":[1,6],"7":[1,5],"8":[5,0],"9":[5,814],"10":[819,5],"11":[0,4],"12":[1,6],"13":[1,4],"14":[1,3],"15":[6,1],"16":[7,6],"17":[24,4471],"18":[4495,54],"19":[117,17],"20":[0,4],"21":[9,7],"22":[16,9],"23":[12,0]},"f":{"1":1,"2":1,"3":3,"4":2,"5":7,"6":4,"7":7,"8":6,"9":4,"10":16},"fnMap":{"1":{"name":"(anonymous_1)","line":1,"loc":{"start":{"line":1,"column":1},"end":{"line":1,"column":13}}},"2":{"name":"(anonymous_2)","line":10,"loc":{"start":{"line":10,"column":16},"end":{"line":10,"column":19}}},"3":{"name":"(anonymous_3)","line":31,"loc":{"start":{"line":31,"column":16},"end":{"line":31,"column":37}}},"4":{"name":"(anonymous_4)","line":52,"loc":{"start":{"line":52,"column":18},"end":{"line":52,"column":25}}},"5":{"name":"(anonymous_5)","line":74,"loc":{"start":{"line":74,"column":13},"end":{"line":74,"column":20}}},"6":{"name":"(anonymous_6)","line":96,"loc":{"start":{"line":96,"column":16},"end":{"line":96,"column":19}}},"7":{"name":"(anonymous_7)","line":146,"loc":{"start":{"line":146,"column":12},"end":{"line":146,"column":29}}},"8":{"name":"(anonymous_8)","line":191,"loc":{"start":{"line":191,"column":15},"end":{"line":191,"column":27}}},"9":{"name":"(anonymous_9)","line":216,"loc":{"start":{"line":216,"column":14},"end":{"line":216,"column":26}}},"10":{"name":"(anonymous_10)","line":232,"loc":{"start":{"line":232,"column":12},"end":{"line":232,"column":15}}}},"statementMap":{"1":{"start":{"line":1,"column":0},"end":{"line":251,"column":6}},"2":{"start":{"line":5,"column":2},"end":{"line":5,"column":27}},"3":{"start":{"line":12,"column":6},"end":{"line":12,"column":26}},"4":{"start":{"line":14,"column":6},"end":{"line":14,"column":28}},"5":{"start":{"line":16,"column":6},"end":{"line":16,"column":27}},"6":{"start":{"line":18,"column":6},"end":{"line":18,"column":31}},"7":{"start":{"line":20,"column":6},"end":{"line":20,"column":27}},"8":{"start":{"line":22,"column":6},"end":{"line":22,"column":21}},"9":{"start":{"line":24,"column":6},"end":{"line":24,"column":21}},"10":{"start":{"line":26,"column":6},"end":{"line":26,"column":26}},"11":{"start":{"line":33,"column":6},"end":{"line":33,"column":26}},"12":{"start":{"line":35,"column":6},"end":{"line":48,"column":7}},"13":{"start":{"line":37,"column":8},"end":{"line":44,"column":11}},"14":{"start":{"line":38,"column":10},"end":{"line":40,"column":11}},"15":{"start":{"line":39,"column":12},"end":{"line":39,"column":29}},"16":{"start":{"line":42,"column":10},"end":{"line":42,"column":67}},"17":{"start":{"line":43,"column":10},"end":{"line":43,"column":31}},"18":{"start":{"line":47,"column":8},"end":{"line":47,"column":49}},"19":{"start":{"line":54,"column":6},"end":{"line":56,"column":7}},"20":{"start":{"line":55,"column":8},"end":{"line":55,"column":55}},"21":{"start":{"line":59,"column":6},"end":{"line":59,"column":50}},"22":{"start":{"line":62,"column":6},"end":{"line":64,"column":7}},"23":{"start":{"line":63,"column":8},"end":{"line":63,"column":73}},"24":{"start":{"line":65,"column":6},"end":{"line":70,"column":7}},"25":{"start":{"line":66,"column":8},"end":{"line":66,"column":31}},"26":{"start":{"line":69,"column":8},"end":{"line":69,"column":57}},"27":{"start":{"line":76,"column":6},"end":{"line":78,"column":7}},"28":{"start":{"line":77,"column":8},"end":{"line":77,"column":56}},"29":{"start":{"line":81,"column":6},"end":{"line":81,"column":45}},"30":{"start":{"line":84,"column":6},"end":{"line":86,"column":7}},"31":{"start":{"line":85,"column":8},"end":{"line":85,"column":48}},"32":{"start":{"line":87,"column":6},"end":{"line":92,"column":7}},"33":{"start":{"line":88,"column":8},"end":{"line":88,"column":30}},"34":{"start":{"line":91,"column":8},"end":{"line":91,"column":43}},"35":{"start":{"line":97,"column":6},"end":{"line":97,"column":28}},"36":{"start":{"line":98,"column":6},"end":{"line":98,"column":36}},"37":{"start":{"line":101,"column":6},"end":{"line":101,"column":26}},"38":{"start":{"line":104,"column":6},"end":{"line":104,"column":22}},"39":{"start":{"line":105,"column":6},"end":{"line":105,"column":41}},"40":{"start":{"line":108,"column":6},"end":{"line":108,"column":22}},"41":{"start":{"line":111,"column":6},"end":{"line":111,"column":49}},"42":{"start":{"line":114,"column":6},"end":{"line":137,"column":7}},"43":{"start":{"line":116,"column":8},"end":{"line":116,"column":53}},"44":{"start":{"line":117,"column":8},"end":{"line":117,"column":30}},"45":{"start":{"line":120,"column":8},"end":{"line":136,"column":9}},"46":{"start":{"line":121,"column":10},"end":{"line":121,"column":28}},"47":{"start":{"line":122,"column":10},"end":{"line":122,"column":87}},"48":{"start":{"line":127,"column":10},"end":{"line":135,"column":11}},"49":{"start":{"line":128,"column":12},"end":{"line":134,"column":13}},"50":{"start":{"line":129,"column":14},"end":{"line":133,"column":15}},"51":{"start":{"line":130,"column":16},"end":{"line":130,"column":49}},"52":{"start":{"line":131,"column":16},"end":{"line":131,"column":106}},"53":{"start":{"line":132,"column":16},"end":{"line":132,"column":29}},"54":{"start":{"line":138,"column":6},"end":{"line":140,"column":7}},"55":{"start":{"line":139,"column":8},"end":{"line":139,"column":49}},"56":{"start":{"line":143,"column":6},"end":{"line":143,"column":20}},"57":{"start":{"line":147,"column":6},"end":{"line":149,"column":7}},"58":{"start":{"line":148,"column":8},"end":{"line":148,"column":47}},"59":{"start":{"line":151,"column":6},"end":{"line":156,"column":7}},"60":{"start":{"line":152,"column":8},"end":{"line":152,"column":32}},"61":{"start":{"line":155,"column":8},"end":{"line":155,"column":64}},"62":{"start":{"line":158,"column":6},"end":{"line":160,"column":7}},"63":{"start":{"line":159,"column":8},"end":{"line":159,"column":53}},"64":{"start":{"line":162,"column":6},"end":{"line":164,"column":7}},"65":{"start":{"line":163,"column":8},"end":{"line":163,"column":60}},"66":{"start":{"line":166,"column":6},"end":{"line":183,"column":7}},"67":{"start":{"line":167,"column":8},"end":{"line":182,"column":9}},"68":{"start":{"line":172,"column":10},"end":{"line":173,"column":82}},"69":{"start":{"line":174,"column":10},"end":{"line":174,"column":45}},"70":{"start":{"line":175,"column":10},"end":{"line":175,"column":42}},"71":{"start":{"line":178,"column":10},"end":{"line":178,"column":37}},"72":{"start":{"line":181,"column":10},"end":{"line":181,"column":58}},"73":{"start":{"line":185,"column":6},"end":{"line":185,"column":43}},"74":{"start":{"line":188,"column":6},"end":{"line":188,"column":28}},"75":{"start":{"line":193,"column":6},"end":{"line":213,"column":7}},"76":{"start":{"line":194,"column":8},"end":{"line":194,"column":70}},"77":{"start":{"line":195,"column":8},"end":{"line":195,"column":25}},"78":{"start":{"line":196,"column":8},"end":{"line":196,"column":21}},"79":{"start":{"line":201,"column":8},"end":{"line":208,"column":9}},"80":{"start":{"line":202,"column":10},"end":{"line":207,"column":11}},"81":{"start":{"line":203,"column":12},"end":{"line":206,"column":13}},"82":{"start":{"line":204,"column":14},"end":{"line":204,"column":28}},"83":{"start":{"line":205,"column":14},"end":{"line":205,"column":35}},"84":{"start":{"line":209,"column":8},"end":{"line":212,"column":9}},"85":{"start":{"line":210,"column":10},"end":{"line":210,"column":26}},"86":{"start":{"line":211,"column":10},"end":{"line":211,"column":35}},"87":{"start":{"line":218,"column":6},"end":{"line":218,"column":25}},"88":{"start":{"line":221,"column":6},"end":{"line":227,"column":7}},"89":{"start":{"line":222,"column":8},"end":{"line":222,"column":42}},"90":{"start":{"line":226,"column":8},"end":{"line":226,"column":44}},"91":{"start":{"line":229,"column":6},"end":{"line":229,"column":23}},"92":{"start":{"line":233,"column":6},"end":{"line":244,"column":6}},"93":{"start":{"line":234,"column":7},"end":{"line":243,"column":8}},"94":{"start":{"line":235,"column":9},"end":{"line":239,"column":10}},"95":{"start":{"line":236,"column":11},"end":{"line":238,"column":12}},"96":{"start":{"line":237,"column":13},"end":{"line":237,"column":37}},"97":{"start":{"line":242,"column":9},"end":{"line":242,"column":34}},"98":{"start":{"line":245,"column":5},"end":{"line":245,"column":27}},"99":{"start":{"line":249,"column":2},"end":{"line":249,"column":34}}},"branchMap":{"1":{"line":35,"type":"if","locations":[{"start":{"line":35,"column":6},"end":{"line":35,"column":6}},{"start":{"line":35,"column":6},"end":{"line":35,"column":6}}]},"2":{"line":38,"type":"if","locations":[{"start":{"line":38,"column":10},"end":{"line":38,"column":10}},{"start":{"line":38,"column":10},"end":{"line":38,"column":10}}]},"3":{"line":54,"type":"if","locations":[{"start":{"line":54,"column":6},"end":{"line":54,"column":6}},{"start":{"line":54,"column":6},"end":{"line":54,"column":6}}]},"4":{"line":62,"type":"if","locations":[{"start":{"line":62,"column":6},"end":{"line":62,"column":6}},{"start":{"line":62,"column":6},"end":{"line":62,"column":6}}]},"5":{"line":65,"type":"if","locations":[{"start":{"line":65,"column":6},"end":{"line":65,"column":6}},{"start":{"line":65,"column":6},"end":{"line":65,"column":6}}]},"6":{"line":76,"type":"if","locations":[{"start":{"line":76,"column":6},"end":{"line":76,"column":6}},{"start":{"line":76,"column":6},"end":{"line":76,"column":6}}]},"7":{"line":84,"type":"if","locations":[{"start":{"line":84,"column":6},"end":{"line":84,"column":6}},{"start":{"line":84,"column":6},"end":{"line":84,"column":6}}]},"8":{"line":87,"type":"if","locations":[{"start":{"line":87,"column":6},"end":{"line":87,"column":6}},{"start":{"line":87,"column":6},"end":{"line":87,"column":6}}]},"9":{"line":129,"type":"if","locations":[{"start":{"line":129,"column":14},"end":{"line":129,"column":14}},{"start":{"line":129,"column":14},"end":{"line":129,"column":14}}]},"10":{"line":129,"type":"binary-expr","locations":[{"start":{"line":129,"column":18},"end":{"line":129,"column":32}},{"start":{"line":129,"column":36},"end":{"line":129,"column":51}}]},"11":{"line":138,"type":"if","locations":[{"start":{"line":138,"column":6},"end":{"line":138,"column":6}},{"start":{"line":138,"column":6},"end":{"line":138,"column":6}}]},"12":{"line":147,"type":"if","locations":[{"start":{"line":147,"column":6},"end":{"line":147,"column":6}},{"start":{"line":147,"column":6},"end":{"line":147,"column":6}}]},"13":{"line":158,"type":"if","locations":[{"start":{"line":158,"column":6},"end":{"line":158,"column":6}},{"start":{"line":158,"column":6},"end":{"line":158,"column":6}}]},"14":{"line":162,"type":"if","locations":[{"start":{"line":162,"column":6},"end":{"line":162,"column":6}},{"start":{"line":162,"column":6},"end":{"line":162,"column":6}}]},"15":{"line":167,"type":"if","locations":[{"start":{"line":167,"column":8},"end":{"line":167,"column":8}},{"start":{"line":167,"column":8},"end":{"line":167,"column":8}}]},"16":{"line":167,"type":"binary-expr","locations":[{"start":{"line":167,"column":12},"end":{"line":167,"column":44}},{"start":{"line":167,"column":48},"end":{"line":167,"column":79}}]},"17":{"line":203,"type":"if","locations":[{"start":{"line":203,"column":12},"end":{"line":203,"column":12}},{"start":{"line":203,"column":12},"end":{"line":203,"column":12}}]},"18":{"line":203,"type":"binary-expr","locations":[{"start":{"line":203,"column":16},"end":{"line":203,"column":32}},{"start":{"line":203,"column":36},"end":{"line":203,"column":88}}]},"19":{"line":209,"type":"if","locations":[{"start":{"line":209,"column":8},"end":{"line":209,"column":8}},{"start":{"line":209,"column":8},"end":{"line":209,"column":8}}]},"20":{"line":221,"type":"if","locations":[{"start":{"line":221,"column":6},"end":{"line":221,"column":6}},{"start":{"line":221,"column":6},"end":{"line":221,"column":6}}]},"21":{"line":234,"type":"if","locations":[{"start":{"line":234,"column":7},"end":{"line":234,"column":7}},{"start":{"line":234,"column":7},"end":{"line":234,"column":7}}]},"22":{"line":234,"type":"binary-expr","locations":[{"start":{"line":234,"column":11},"end":{"line":234,"column":32}},{"start":{"line":234,"column":36},"end":{"line":234,"column":59}}]},"23":{"line":236,"type":"if","locations":[{"start":{"line":236,"column":11},"end":{"line":236,"column":11}},{"start":{"line":236,"column":11},"end":{"line":236,"column":11}}]}}}}