TN:
SF:/home/sims04/Documents/check1/invertedIndex/spec/invertedspec.js
FN:1,(anonymous_1)
FN:24,(anonymous_2)
FN:26,(anonymous_3)
FN:27,(anonymous_4)
FN:31,(anonymous_5)
FN:33,(anonymous_6)
FN:37,(anonymous_7)
FN:38,(anonymous_8)
FN:42,(anonymous_9)
FN:43,(anonymous_10)
FN:47,(anonymous_11)
FN:48,(anonymous_12)
FN:52,(anonymous_13)
FN:53,(anonymous_14)
FN:59,(anonymous_15)
FN:60,(anonymous_16)
FN:61,(anonymous_17)
FN:65,(anonymous_18)
FN:66,(anonymous_19)
FN:73,(anonymous_20)
FN:74,(anonymous_21)
FN:79,(anonymous_22)
FN:80,(anonymous_23)
FN:85,(anonymous_24)
FN:97,(anonymous_25)
FN:119,(anonymous_26)
FN:122,(anonymous_27)
FN:127,(anonymous_28)
FN:129,(anonymous_29)
FN:130,(anonymous_30)
FN:134,(anonymous_31)
FN:135,(anonymous_32)
FN:139,(anonymous_33)
FN:143,(anonymous_34)
FNF:34
FNH:33
FNDA:1,(anonymous_1)
FNDA:1,(anonymous_2)
FNDA:1,(anonymous_3)
FNDA:1,(anonymous_4)
FNDA:1,(anonymous_5)
FNDA:1,(anonymous_6)
FNDA:1,(anonymous_7)
FNDA:1,(anonymous_8)
FNDA:1,(anonymous_9)
FNDA:1,(anonymous_10)
FNDA:1,(anonymous_11)
FNDA:1,(anonymous_12)
FNDA:1,(anonymous_13)
FNDA:1,(anonymous_14)
FNDA:1,(anonymous_15)
FNDA:1,(anonymous_16)
FNDA:1,(anonymous_17)
FNDA:1,(anonymous_18)
FNDA:1,(anonymous_19)
FNDA:1,(anonymous_20)
FNDA:1,(anonymous_21)
FNDA:1,(anonymous_22)
FNDA:1,(anonymous_23)
FNDA:1,(anonymous_24)
FNDA:1,(anonymous_25)
FNDA:1,(anonymous_26)
FNDA:1,(anonymous_27)
FNDA:1,(anonymous_28)
FNDA:1,(anonymous_29)
FNDA:1,(anonymous_30)
FNDA:1,(anonymous_31)
FNDA:1,(anonymous_32)
FNDA:1,(anonymous_33)
FNDA:0,(anonymous_34)
DA:1,1
DA:5,1
DA:6,1
DA:8,1
DA:11,1
DA:14,1
DA:15,1
DA:18,1
DA:21,1
DA:24,1
DA:26,1
DA:27,1
DA:31,1
DA:32,1
DA:33,1
DA:37,1
DA:38,1
DA:42,1
DA:43,1
DA:47,1
DA:48,1
DA:52,1
DA:53,1
DA:59,1
DA:60,1
DA:61,1
DA:65,1
DA:66,1
DA:72,1
DA:73,1
DA:74,1
DA:75,1
DA:79,1
DA:80,1
DA:81,1
DA:85,1
DA:87,1
DA:89,1
DA:90,1
DA:92,1
DA:93,1
DA:97,1
DA:98,1
DA:99,1
DA:100,1
DA:102,1
DA:104,1
DA:105,37
DA:106,37
DA:107,37
DA:108,37
DA:110,37
DA:115,0
DA:119,1
DA:120,1
DA:122,1
DA:127,1
DA:129,1
DA:130,1
DA:134,1
DA:135,1
DA:139,1
DA:141,1
DA:142,1
DA:143,1
DA:144,0
DA:145,0
DA:146,0
DA:147,0
DA:148,0
DA:149,0
DA:150,0
DA:152,0
LF:73
LH:64
BRDA:145,1,0,0
BRDA:145,1,1,0
BRF:2
BRH:0
end_of_record
TN:
SF:/home/sims04/Documents/check1/invertedIndex/src/inverted-index.js
FN:1,(anonymous_1)
FN:10,(anonymous_2)
FN:31,(anonymous_3)
FN:52,(anonymous_4)
FN:74,(anonymous_5)
FN:96,(anonymous_6)
FN:146,(anonymous_7)
FN:191,(anonymous_8)
FN:216,(anonymous_9)
FN:232,(anonymous_10)
FNF:10
FNH:10
FNDA:1,(anonymous_1)
FNDA:1,(anonymous_2)
FNDA:3,(anonymous_3)
FNDA:2,(anonymous_4)
FNDA:7,(anonymous_5)
FNDA:4,(anonymous_6)
FNDA:7,(anonymous_7)
FNDA:6,(anonymous_8)
FNDA:4,(anonymous_9)
FNDA:16,(anonymous_10)
DA:1,1
DA:5,1
DA:12,1
DA:14,1
DA:16,1
DA:18,1
DA:20,1
DA:22,1
DA:24,1
DA:26,1
DA:33,3
DA:35,3
DA:37,2
DA:38,2
DA:39,0
DA:42,2
DA:43,2
DA:47,1
DA:54,2
DA:55,0
DA:59,2
DA:62,2
DA:63,0
DA:65,2
DA:66,2
DA:69,0
DA:76,7
DA:77,1
DA:81,6
DA:84,6
DA:85,1
DA:87,5
DA:88,5
DA:91,0
DA:97,4
DA:98,4
DA:101,4
DA:104,4
DA:105,4
DA:108,4
DA:111,4
DA:114,4
DA:116,8
DA:117,8
DA:120,8
DA:121,14
DA:122,14
DA:127,14
DA:128,819
DA:129,819
DA:130,5
DA:131,5
DA:132,5
DA:138,4
DA:139,0
DA:143,4
DA:147,7
DA:148,1
DA:151,6
DA:152,6
DA:155,1
DA:158,5
DA:159,1
DA:162,4
DA:163,1
DA:166,3
DA:167,7
DA:172,6
DA:174,6
DA:175,6
DA:178,6
DA:181,1
DA:185,2
DA:188,2
DA:193,6
DA:194,134
DA:195,134
DA:196,134
DA:201,134
DA:202,4495
DA:203,4495
DA:204,24
DA:205,24
DA:209,134
DA:210,117
DA:211,117
DA:218,4
DA:221,4
DA:222,0
DA:226,4
DA:229,4
DA:233,16
DA:234,16
DA:235,9
DA:236,12
DA:237,12
DA:242,7
DA:245,16
DA:249,1
LF:99
LH:92
BRDA:35,1,0,2
BRDA:35,1,1,1
BRDA:38,2,0,0
BRDA:38,2,1,2
BRDA:54,3,0,0
BRDA:54,3,1,2
BRDA:62,4,0,0
BRDA:62,4,1,2
BRDA:65,5,0,2
BRDA:65,5,1,0
BRDA:76,6,0,1
BRDA:76,6,1,6
BRDA:84,7,0,1
BRDA:84,7,1,5
BRDA:87,8,0,5
BRDA:87,8,1,0
BRDA:129,9,0,5
BRDA:129,9,1,814
BRDA:129,10,0,819
BRDA:129,10,1,5
BRDA:138,11,0,0
BRDA:138,11,1,4
BRDA:147,12,0,1
BRDA:147,12,1,6
BRDA:158,13,0,1
BRDA:158,13,1,4
BRDA:162,14,0,1
BRDA:162,14,1,3
BRDA:167,15,0,6
BRDA:167,15,1,1
BRDA:167,16,0,7
BRDA:167,16,1,6
BRDA:203,17,0,24
BRDA:203,17,1,4471
BRDA:203,18,0,4495
BRDA:203,18,1,54
BRDA:209,19,0,117
BRDA:209,19,1,17
BRDA:221,20,0,0
BRDA:221,20,1,4
BRDA:234,21,0,9
BRDA:234,21,1,7
BRDA:234,22,0,16
BRDA:234,22,1,9
BRDA:236,23,0,12
BRDA:236,23,1,0
BRF:46
BRH:38
end_of_record
